[2026-03-09 19:11:41] MATCH: Semua branch & tag sinkron untuk pay-fe-webmerchant
[2026-03-09 19:11:48] MATCH: Semua branch & tag sinkron untuk qoin-payout
[2026-03-09 19:11:55] MATCH: Semua branch & tag sinkron untuk pay-be-bagiinterface-module
[2026-03-09 19:12:12] MATCH: Semua branch & tag sinkron untuk pay-be-beneficiary-module
[2026-03-09 19:12:19] MATCH: Semua branch & tag sinkron untuk pay-be-transaction-module
[2026-03-09 19:12:27] MATCH: Semua branch & tag sinkron untuk pay-be-nttinterface-module
[2026-03-09 19:12:41] MATCH: Semua branch & tag sinkron untuk project-payout
[2026-03-09 19:12:48] MATCH: Semua branch & tag sinkron untuk pay-be-balance-manager
[2026-03-09 19:12:55] MATCH: Semua branch & tag sinkron untuk pay-be-access-manager
[2026-03-09 19:13:02] MATCH: Semua branch & tag sinkron untuk pay-be-access-module
[2026-03-09 19:13:12] MATCH: Semua branch & tag sinkron untuk pay-be-beneficiary-manager
[2026-03-09 19:13:19] MATCH: Semua branch & tag sinkron untuk pay-be-beneficiary-inquiry-module
[2026-03-09 19:13:26] MATCH: Semua branch & tag sinkron untuk pay-be-transactiontransfer-module
[2026-03-09 19:13:33] MATCH: Semua branch & tag sinkron untuk pay-be-report-manager
[2026-03-09 19:13:40] MATCH: Semua branch & tag sinkron untuk pay-be-report-module
[2026-03-09 19:13:47] MATCH: Semua branch & tag sinkron untuk pay-be-example-manager
[2026-03-09 19:13:54] MATCH: Semua branch & tag sinkron untuk pay-be-vaopenpayment-manager
[2026-03-09 19:14:01] MATCH: Semua branch & tag sinkron untuk pay-be-topup-module
[2026-03-09 19:14:10] MATCH: Semua branch & tag sinkron untuk pay-be-balance-module
[2026-03-09 19:14:18] MATCH: Semua branch & tag sinkron untuk pay-be-merchanttransaction-module
[2026-03-09 19:14:25] MATCH: Semua branch & tag sinkron untuk pay-be-vatransferbag-manager
[2026-03-09 19:14:32] MATCH: Semua branch & tag sinkron untuk pay-be-masterbank-manager
[2026-03-09 19:14:39] MATCH: Semua branch & tag sinkron untuk pay-be-masterbank-module
[2026-03-09 19:14:46] MATCH: Semua branch & tag sinkron untuk pay-be-snapbiauth-module
[2026-03-09 19:14:53] MATCH: Semua branch & tag sinkron untuk pay-be-snapbiskn-module
[2026-03-09 19:15:00] MATCH: Semua branch & tag sinkron untuk pay-be-snapbibulktransfer-module
[2026-03-09 19:15:10] MATCH: Semua branch & tag sinkron untuk pay-be-snapbirtgs-module
[2026-03-09 19:15:18] MATCH: Semua branch & tag sinkron untuk pay-be-admintask-manager
[2026-03-09 19:15:26] MATCH: Semua branch & tag sinkron untuk pay-be-admintask-module
[2026-03-09 19:15:32] MATCH: Semua branch & tag sinkron untuk pay-be-oyinterface-module
[2026-03-09 19:15:40] MATCH: Semua branch & tag sinkron untuk pay-be-topup-manager
[2026-03-09 19:15:47] MATCH: Semua branch & tag sinkron untuk pay-be-bagisnapbi-interface
[2026-03-09 19:15:54] MATCH: Semua branch & tag sinkron untuk pay-be-trxtransfersnapbi-module
[2026-03-09 19:16:00] MATCH: Semua branch & tag sinkron untuk pay-be-pgmerchant-module
[2026-03-09 19:16:09] MATCH: Semua branch & tag sinkron untuk pay-be-snapbibanktransfer-manager
[2026-03-09 19:16:17] MATCH: Semua branch & tag sinkron untuk pay-be-snapbifast-manager
[2026-03-09 19:16:24] MATCH: Semua branch & tag sinkron untuk pay-be-snapbiskn-manager
[2026-03-09 19:16:31] MATCH: Semua branch & tag sinkron untuk pay-be-snapbirtgs-manager
[2026-03-09 19:16:39] MATCH: Semua branch & tag sinkron untuk pay-be-refund-module
[2026-03-09 19:16:49] MATCH: Semua branch & tag sinkron untuk pay-be-refund-manager
[2026-03-09 19:16:56] MATCH: Semua branch & tag sinkron untuk pay-be-workflow
[2026-03-09 19:17:04] MATCH: Semua branch & tag sinkron untuk pay-fe-webadmin
[2026-03-09 19:17:12] MATCH: Semua branch & tag sinkron untuk pay-be-messaging-manager
[2026-03-09 19:17:19] MATCH: Semua branch & tag sinkron untuk pay-be-messaging-module
[2026-03-09 19:17:26] MATCH: Semua branch & tag sinkron untuk pay-be-dashboard-manager
[2026-03-09 19:17:32] MATCH: Semua branch & tag sinkron untuk pay-be-dashboard-module
[2026-03-09 19:17:39] MATCH: Semua branch & tag sinkron untuk pay-fe-compro
[2026-03-09 19:17:46] MATCH: Semua branch & tag sinkron untuk new-fe-payout-merchant
[2026-03-09 19:17:54] MATCH: Semua branch & tag sinkron untuk pay-be-client-manager
[2026-03-09 19:18:10] MATCH: Semua branch & tag sinkron untuk pay-be-merchant-manager
[2026-03-09 19:18:17] MATCH: Semua branch & tag sinkron untuk pay-be-merchant-module
[2026-03-09 19:18:24] MATCH: Semua branch & tag sinkron untuk pay-be-admin-manager
[2026-03-09 19:18:31] MATCH: Semua branch & tag sinkron untuk pay-be-bulkdatatransfer-manager
[2026-03-09 19:18:38] MATCH: Semua branch & tag sinkron untuk pay-be-bulktransaction-module
[2026-03-09 19:18:45] MATCH: Semua branch & tag sinkron untuk pay-be-bulkdatatransfer-module
[2026-03-09 19:18:52] MATCH: Semua branch & tag sinkron untuk pay-be-masterdata-manager
[2026-03-09 19:18:58] MATCH: Semua branch & tag sinkron untuk pay-be-masterdata-module
[2026-03-09 19:19:07] MATCH: Semua branch & tag sinkron untuk pay-be-walletinterface-manager
