[2026-03-10 09:39:19] UNMATCHED BRANCH in qoin-be-merchantdashboarddaily-module:
  -> Branch hilang di GitHub: develop
  -> Branch hilang di GitHub: develop-sandbox
  -> Branch hilang di GitHub: master
  -> Branch hilang di GitHub: sandbox
  -> Branch hilang di GitHub: staging
  -> Branch hilang di GitHub: staging-sandbox
[2026-03-10 09:39:19] UNMATCHED TAG in qoin-be-merchantdashboarddaily-module:
  -> Tag hilang di GitHub: v1.0.0-rc1
  -> Tag hilang di GitHub: v1.0.0-rc2
  -> Tag hilang di GitHub: v1.0.0-rc3
[2026-03-10 09:39:26] UNMATCHED BRANCH in qoin-be-certificateauthority-manager:
  -> Branch hilang di GitHub: develop
  -> Branch hilang di GitHub: develop-sandbox
  -> Branch hilang di GitHub: master
  -> Branch hilang di GitHub: sandbox
  -> Branch hilang di GitHub: staging
  -> Branch hilang di GitHub: staging-sandbox
[2026-03-10 09:39:26] UNMATCHED TAG in qoin-be-certificateauthority-manager:
  -> Tag hilang di GitHub: v1.0.0-rc1
