[2026-03-09 19:12:03] UNMATCHED BRANCH in pay-be-transaction-manager:
  -> Branch hilang di GitHub: develop
  -> Branch hilang di GitHub: master
  -> Branch hilang di GitHub: QPYT-72
  -> Branch hilang di GitHub: staging
[2026-03-09 19:12:03] UNMATCHED TAG in pay-be-transaction-manager:
  -> Tag hilang di GitHub: v1.0.0
  -> Tag hilang di GitHub: v1.1.0
[2026-03-09 19:12:34] UNMATCHED BRANCH in pay-apigateway:
  -> Branch hilang di GitHub: develop
  -> Branch hilang di GitHub: develop-sandpayout
  -> Branch hilang di GitHub: master
  -> Branch hilang di GitHub: staging
[2026-03-09 19:12:34] UNMATCHED TAG in pay-apigateway:
  -> Tag hilang di GitHub: v1.0.0
  -> Tag hilang di GitHub: v1.0.1
  -> Tag hilang di GitHub: v1.0.2
  -> Tag hilang di GitHub: v1.0.3
  -> Tag hilang di GitHub: v1.1.1
  -> Tag hilang di GitHub: v1.1.2
  -> Tag hilang di GitHub: v1.1.3
  -> Tag hilang di GitHub: v1.1.4
  -> Tag hilang di GitHub: v1.1.5
  -> Tag hilang di GitHub: v2.0.0
  -> Tag hilang di GitHub: v2.0.1
  -> Tag hilang di GitHub: v2.0.2
[2026-03-09 19:18:01] UNMATCHED BRANCH in pay-be-client-module:
  -> Branch hilang di GitHub: Add-User-&-Edit-User
  -> Branch hilang di GitHub: adjustment/approving-from-sandbox
  -> Branch hilang di GitHub: adjustment/get-list-permission/PLUS-4286
  -> Branch hilang di GitHub: adjustment/sql-for-check-user
  -> Branch hilang di GitHub: adjustment/validation-sql-injection
  -> Branch hilang di GitHub: clone-repo
  -> Branch hilang di GitHub: conflict/staging-and-2FA-email
  -> Branch hilang di GitHub: develop
  -> Branch hilang di GitHub: feat/filter-packege-type-by-user
  -> Branch hilang di GitHub: feat/history-password
  -> Branch hilang di GitHub: feature/2FA
  -> Branch hilang di GitHub: feature/add-merchant-agency
  -> Branch hilang di GitHub: feature/add-role-name-in-token-admin/PLUS-4285
  -> Branch hilang di GitHub: feature/approval
  -> Branch hilang di GitHub: feature/checking-user-merchant-id-or-merchant-code
  -> Branch hilang di GitHub: feature/createiser
  -> Branch hilang di GitHub: feature/editpackagetype
  -> Branch hilang di GitHub: feature/editstatus
  -> Branch hilang di GitHub: feature/edituser
  -> Branch hilang di GitHub: feature/ersadev
  -> Branch hilang di GitHub: feature/get-client-to-redis
  -> Branch hilang di GitHub: feature/getlistuserandrole
  -> Branch hilang di GitHub: feature/getrolecategory
  -> Branch hilang di GitHub: feature/get-role-super-admin
  -> Branch hilang di GitHub: feature/getuserlist
  -> Branch hilang di GitHub: feature/insertclonedata
  -> Branch hilang di GitHub: feature/newsandbox
  -> Branch hilang di GitHub: feature/sandbox
  -> Branch hilang di GitHub: fixing-query-user
  -> Branch hilang di GitHub: hotfix/double-email
  -> Branch hilang di GitHub: hotfix/editprofile
  -> Branch hilang di GitHub: hotfix-mydev
  -> Branch hilang di GitHub: master
  -> Branch hilang di GitHub: mydev
  -> Branch hilang di GitHub: new-env
  -> Branch hilang di GitHub: origin/hotfix/get-list-user-and-role
  -> Branch hilang di GitHub: perijinan-bi-payout
  -> Branch hilang di GitHub: pre-master
  -> Branch hilang di GitHub: pre-staging
  -> Branch hilang di GitHub: staging
  -> Branch hilang di GitHub: User-and-Role-Management
[2026-03-09 19:18:01] UNMATCHED TAG in pay-be-client-module:
  -> Tag hilang di GitHub: 1.0.0-rc1
  -> Tag hilang di GitHub: 1.0.0-rc2
  -> Tag hilang di GitHub: 1.0.0-rc3
  -> Tag hilang di GitHub: 1.0.0-rc4
  -> Tag hilang di GitHub: v1.0.0
  -> Tag hilang di GitHub: v1.0.1
  -> Tag hilang di GitHub: v1.0.10
  -> Tag hilang di GitHub: v1.0.11
  -> Tag hilang di GitHub: v1.0.12
  -> Tag hilang di GitHub: v1.0.13
  -> Tag hilang di GitHub: v1.0.2
  -> Tag hilang di GitHub: v1.0.3
  -> Tag hilang di GitHub: v1.0.4
  -> Tag hilang di GitHub: v1.0.5
  -> Tag hilang di GitHub: v1.0.6
  -> Tag hilang di GitHub: v1.0.7
  -> Tag hilang di GitHub: v1.0.8
  -> Tag hilang di GitHub: v1.0.9
