2026-03-09 13:44:26 | Memulai migrasi ke Qoin-Digital-Indonesia
2026-03-09 13:44:26 | ----------------------------------------
2026-03-09 13:44:26 | Memigrasi repo: plus-be-audittrail-module
2026-03-09 13:44:26 | ----------------------------------------
2026-03-09 13:44:26 | Memigrasi repo: plus-be-config-module
2026-03-09 13:44:26 | ----------------------------------------
2026-03-09 13:44:26 | Memigrasi repo: plus-be-transaction-module
2026-03-09 13:44:26 | ----------------------------------------
2026-03-09 13:44:26 | Memigrasi repo: plus-be-merchantpg-module
2026-03-09 13:44:26 | ----------------------------------------
2026-03-09 13:44:26 | Memigrasi repo: plus-be-pglogger-module
2026-03-09 13:44:26 | ----------------------------------------
2026-03-09 13:44:26 | Memigrasi repo: plus-be-clientpg-manager
2026-03-09 13:44:26 | ----------------------------------------
2026-03-09 13:44:26 | Memigrasi repo: plus-be-clientpg-module
2026-03-09 13:44:26 | ----------------------------------------
2026-03-09 13:44:26 | Memigrasi repo: plus-be-config-manager
2026-03-09 13:44:26 | ----------------------------------------
2026-03-09 13:44:26 | Memigrasi repo: plus-be-settlementpg-module
2026-03-09 13:44:26 | ----------------------------------------
2026-03-09 13:44:26 | Memigrasi repo: plus-be-refund-module
2026-03-09 13:44:26 | ----------------------------------------
2026-03-09 13:44:26 | Memigrasi repo: plus-apigateway
2026-03-09 13:44:26 | ----------------------------------------
2026-03-09 13:44:26 | Memigrasi repo: plus-fe-webadmin
2026-03-09 13:44:26 | ----------------------------------------
2026-03-09 13:44:26 | Memigrasi repo: plus-be-xenditinterface-manager
2026-03-09 13:44:26 | ----------------------------------------
2026-03-09 13:44:26 | Memigrasi repo: plus-be-nttinterface-manager
2026-03-09 13:44:26 | ----------------------------------------
2026-03-09 13:44:26 | Memigrasi repo: plus-be-refund-manager
2026-03-09 13:44:26 | ----------------------------------------
2026-03-09 13:44:26 | Memigrasi repo: plus-be-webview2-manager
2026-03-09 13:44:26 | ----------------------------------------
2026-03-09 13:44:26 | Memigrasi repo: plus-be-baginterface-manager
2026-03-09 13:44:26 | ----------------------------------------
2026-03-09 13:44:26 | Memigrasi repo: plus-be-espayinterface-manager
2026-03-09 13:44:26 | ----------------------------------------
2026-03-09 13:44:26 | Memigrasi repo: plus-be-callback-manager
2026-03-09 13:44:26 | ----------------------------------------
2026-03-09 13:44:26 | Memigrasi repo: plus-be-settlement-manager
2026-03-09 13:44:26 | ----------------------------------------
2026-03-09 13:44:26 | Memigrasi repo: plus-be-createorder-manager
2026-03-09 13:44:26 | ----------------------------------------
2026-03-09 13:44:26 | Memigrasi repo: plus-be-transactionlist-manager
2026-03-09 13:44:26 | ----------------------------------------
2026-03-09 13:44:26 | Memigrasi repo: plus-be-oyinterface-manager
2026-03-09 13:44:26 | ----------------------------------------
2026-03-09 13:44:26 | Memigrasi repo: plus-be-yukkinterface-manager
2026-03-09 13:44:26 | ----------------------------------------
2026-03-09 13:44:26 | Memigrasi repo: plus-be-qrisinterface-manager
2026-03-09 13:44:26 | ----------------------------------------
2026-03-09 13:44:26 | Memigrasi repo: plus-fe-authentication
2026-03-09 13:44:26 | ----------------------------------------
2026-03-09 13:44:26 | Memigrasi repo: plus-fe-merchant
2026-03-09 13:44:26 | ----------------------------------------
2026-03-09 13:44:26 | Memigrasi repo: plus-fe-webview
2026-03-09 13:44:26 | ----------------------------------------
2026-03-09 13:44:26 | Memigrasi repo: plus-fe-payout
2026-03-09 13:44:26 | ----------------------------------------
2026-03-09 13:44:26 | Memigrasi repo: plus-be-withdrawal-module
2026-03-09 13:44:26 | ----------------------------------------
2026-03-09 13:44:26 | Memigrasi repo: plus-be-withdrawal-manager
2026-03-09 13:44:26 | ----------------------------------------
2026-03-09 13:44:26 | Memigrasi repo: plus-be-anticsrf-manager
2026-03-09 13:44:26 | ----------------------------------------
2026-03-09 13:44:26 | Memigrasi repo: plus-fe-companyprofile
2026-03-09 13:44:26 | ----------------------------------------
2026-03-09 13:44:26 | Memigrasi repo: plus-be-messaging-manager
2026-03-09 13:44:26 | ----------------------------------------
2026-03-09 13:44:26 | Memigrasi repo: plus-be-merchantpg-manager
2026-03-09 13:44:26 | ----------------------------------------
2026-03-09 13:44:26 | Memigrasi repo: plus-be-bniinterface-manager
2026-03-09 13:44:26 | ----------------------------------------
2026-03-09 13:44:26 | Memigrasi repo: plus-be-messaging-module
2026-03-09 13:44:26 | ----------------------------------------
2026-03-09 13:44:26 | Memigrasi repo: plus-be-vasimulator-manager
2026-03-09 13:44:26 | ----------------------------------------
2026-03-09 13:44:26 | Memigrasi repo: plus-fe-webview-issuer
2026-03-09 13:44:26 | ----------------------------------------
2026-03-09 13:44:26 | Memigrasi repo: plus-fe-simulator
2026-03-09 13:44:26 | ----------------------------------------
2026-03-09 13:44:26 | Memigrasi repo: plus-be-snapbiinterface-manager
2026-03-09 13:44:26 | ----------------------------------------
2026-03-09 13:44:26 | Memigrasi repo: plus-be-adminpg-manager
2026-03-09 13:44:26 | ----------------------------------------
2026-03-09 13:44:26 | Memigrasi repo: plus-be-registermerchant-manager
2026-03-09 13:44:26 | ----------------------------------------
2026-03-09 13:44:26 | Memigrasi repo: plus-be-registermerchant-module
2026-03-09 13:44:26 | ----------------------------------------
2026-03-09 13:44:26 | Memigrasi repo: plus-be-espaysimulator-manager
2026-03-09 13:44:26 | ----------------------------------------
2026-03-09 13:44:26 | Memigrasi repo: plus-be-espaysimulator-module
2026-03-09 13:44:26 | ----------------------------------------
2026-03-09 13:44:26 | Memigrasi repo: plus-be-ticketing-manager
2026-03-09 13:44:26 | ----------------------------------------
2026-03-09 13:44:26 | Memigrasi repo: plus-be-ticketing-module
2026-03-09 13:44:26 | ----------------------------------------
2026-03-09 13:44:26 | Memigrasi repo: plus-be-ticketinisiator-module
2026-03-09 13:44:26 | ----------------------------------------
2026-03-09 13:44:26 | Memigrasi repo: plus-be-temporal-workflow
2026-03-09 13:44:26 | ----------------------------------------
2026-03-09 13:44:26 | Memigrasi repo: plus-be-ticket-manager
2026-03-09 13:44:26 | ----------------------------------------
2026-03-09 13:44:26 | Memigrasi repo: plus-be-ticket-module
2026-03-09 13:44:26 | ----------------------------------------
2026-03-09 13:44:26 | Memigrasi repo: plus-be-qoinpayservice-manager
2026-03-09 13:44:26 | ----------------------------------------
2026-03-09 13:44:26 | Memigrasi repo: plus-be-qoinpayserviceinterface-manager
2026-03-09 13:44:26 | ----------------------------------------
2026-03-09 13:44:26 | Memigrasi repo: plus-be-accountuserlinked-module
2026-03-09 13:44:26 | ----------------------------------------
2026-03-09 13:44:26 | Memigrasi repo: plus-be-qoincashinterface-manager
2026-03-09 13:44:26 | ----------------------------------------
2026-03-09 13:44:26 | Memigrasi repo: plus-be-baghmac-manager
2026-03-09 13:44:26 | ----------------------------------------
2026-03-09 13:44:26 | Memigrasi repo: plus-be-xenditsimulator-manager
2026-03-09 13:44:26 | ----------------------------------------
2026-03-09 13:44:26 | Memigrasi repo: plus-fe-xenditsimulator
2026-03-09 13:44:26 | ----------------------------------------
2026-03-09 13:44:26 | Memigrasi repo: plus-be-netzmeinterface-manager
2026-03-09 13:44:26 | ----------------------------------------
2026-03-09 13:44:26 | Memigrasi repo: plus-be-workflow
2026-03-09 13:44:26 | ----------------------------------------
2026-03-09 13:44:26 | Memigrasi repo: plus-be-dashboard-manager
2026-03-09 13:44:26 | ----------------------------------------
2026-03-09 13:44:26 | Memigrasi repo: plus-be-dashboard-module
2026-03-09 13:44:26 | ----------------------------------------
2026-03-09 13:44:26 | Memigrasi repo: plus-be-createordersnap-manager
2026-03-09 13:44:26 | ----------------------------------------
2026-03-09 13:44:26 | Memigrasi repo: plus-be-snapbiemoneyinterface-manager
2026-03-09 13:44:26 | ----------------------------------------
2026-03-09 13:44:26 | Memigrasi repo: plus-be-switchrintisinterface-manager
2026-03-09 13:44:26 | ----------------------------------------
2026-03-09 13:44:26 | Memigrasi repo: plus-be-switchrintisservice-manager
2026-03-09 13:44:26 | ----------------------------------------
2026-03-09 13:44:26 | Memigrasi repo: plus-be-merchantagency-manager
2026-03-09 13:44:26 | ----------------------------------------
2026-03-09 13:44:26 | Memigrasi repo: plus-be-merchantagency-module
2026-03-09 13:44:26 | ----------------------------------------
2026-03-09 13:44:26 | Memigrasi repo: plus-be-qoinpayinterface-manager
2026-03-09 13:44:26 | ----------------------------------------
2026-03-09 13:44:26 | Memigrasi repo: plus-be-nerointerface-manager
2026-03-09 13:44:26 | ----------------------------------------
2026-03-09 13:44:26 | Memigrasi repo: plus-be-ifortepayinterface-manager
2026-03-09 13:44:26 | ----------------------------------------
2026-03-09 13:44:26 | Memigrasi repo: plus-be-yokkeinterface-manager
2026-03-09 13:44:26 | ----------------------------------------
2026-03-09 13:44:26 | Memigrasi repo: plus-fe-payoutnext
2026-03-09 13:44:26 | ----------------------------------------
2026-03-09 13:44:26 | Memigrasi repo: plus-be-transaction-manager
2026-03-09 13:44:26 | ----------------------------------------
2026-03-09 13:44:26 | Memigrasi repo: plus-fe-webviewnext
2026-03-09 13:44:26 | ----------------------------------------
2026-03-09 13:44:26 | Memigrasi repo: plus-be-merchantsetting-manager
2026-03-09 13:44:26 | ----------------------------------------
2026-03-09 13:44:26 | Memigrasi repo: plus-be-merchantsetting-module
2026-03-09 13:44:26 | ----------------------------------------
2026-03-09 13:44:26 | Memigrasi repo: plus-be-paymentlink-manager
2026-03-09 13:44:27 | ----------------------------------------
2026-03-09 13:44:27 | Memigrasi repo: plus-be-paymentlink-module
2026-03-09 13:44:27 | ----------------------------------------
2026-03-09 13:44:27 | Memigrasi repo: plus-be-invoice-manager
2026-03-09 13:44:27 | ----------------------------------------
2026-03-09 13:44:27 | Memigrasi repo: plus-be-invoice-module
2026-03-09 13:44:27 | ----------------------------------------
2026-03-09 13:44:27 | Memigrasi repo: plus-fe-webviewcontainer
2026-03-09 13:44:27 | ----------------------------------------
2026-03-09 13:44:27 | Memigrasi repo: plus-fe-merchantnext
2026-03-09 13:44:27 | ----------------------------------------
2026-03-09 13:44:27 | Memigrasi repo: plus-be-backendmerchantservice-manager
2026-03-09 13:44:27 | ----------------------------------------
2026-03-09 13:44:27 | Memigrasi repo: plus-be-merchantqris-module
2026-03-09 13:44:27 | ----------------------------------------
2026-03-09 13:44:27 | Memigrasi repo: plus-be-merchantqris-manager
2026-03-09 13:44:27 | ----------------------------------------
2026-03-09 13:44:27 | Memigrasi repo: plus-be-minisdkinterface-manager
2026-03-09 13:44:27 | ----------------------------------------
2026-03-09 13:44:27 | Memigrasi repo: plus-be-minisdkinterface-module
2026-03-09 13:44:27 | ----------------------------------------
2026-03-09 13:44:27 | Memigrasi repo: plus-be-merchantagencyimport-manager
2026-03-09 13:44:27 | ----------------------------------------
2026-03-09 13:44:27 | Memigrasi repo: plus-be-qrissimulator-manager
2026-03-09 13:44:27 | ----------------------------------------
2026-03-09 13:44:27 | Memigrasi repo: plus-be-masterpermissions-manager
2026-03-09 13:44:27 | ----------------------------------------
2026-03-09 13:44:27 | Memigrasi repo: plus-be-masterpermissions-module
2026-03-09 13:44:27 | ----------------------------------------
2026-03-09 13:44:27 | Memigrasi repo: plus-be-webadminmerchantagency-manager
2026-03-09 13:44:27 | ----------------------------------------
2026-03-09 13:44:27 | Memigrasi repo: plus-be-reporting-manager
2026-03-09 13:44:27 | ----------------------------------------
2026-03-09 13:44:27 | Memigrasi repo: plus-be-reporting-module
2026-03-09 13:44:27 | ----------------------------------------
2026-03-09 13:44:27 | Memigrasi repo: plus-be-merchantuserapp-manager
2026-03-09 13:44:27 | ----------------------------------------
2026-03-09 13:44:27 | Memigrasi repo: plus-be-merchantuserapp-module
2026-03-09 13:44:27 | ----------------------------------------
2026-03-09 13:44:27 | Memigrasi repo: plus-fe-snapjswebview
2026-03-09 13:44:27 | ----------------------------------------
2026-03-09 13:44:27 | Memigrasi repo: plus-be-activitylog-module
2026-03-09 13:44:27 | ----------------------------------------
2026-03-09 13:44:27 | Memigrasi repo: plus-be-callbacksimulator-manager
2026-03-09 13:44:27 | ----------------------------------------
2026-03-09 13:44:27 | Memigrasi repo: plus-be-altointerface-manager
2026-03-09 13:44:27 | ----------------------------------------
2026-03-09 13:44:27 | Memigrasi repo: plus-be-datawarehouse-module
2026-03-09 13:44:27 | ----------------------------------------
2026-03-09 13:44:27 | Memigrasi repo: plus-be-enhanced-workflow
2026-03-09 13:44:27 | ----------------------------------------
2026-03-09 13:44:27 | Memigrasi repo: plus-be-appmerchant-manager
2026-03-09 13:44:27 | ----------------------------------------
2026-03-09 13:44:27 | Memigrasi repo: plus-fe-webadminnext
2026-03-09 13:44:27 | ----------------------------------------
2026-03-09 13:44:27 | Memigrasi repo: plus-be-merchantbalance-module
2026-03-09 13:44:27 | ----------------------------------------
2026-03-09 13:44:27 | Memigrasi repo: plus-be-merchantbalance-manager
2026-03-09 13:44:27 | ----------------------------------------
2026-03-09 13:44:27 | Memigrasi repo: plus-be-deactivemerchant-manager
2026-03-09 13:44:27 | ----------------------------------------
2026-03-09 13:44:27 | Memigrasi repo: plus-be-deactivemerchant-module
2026-03-09 13:44:27 | ----------------------------------------
2026-03-09 13:44:27 | Memigrasi repo: plus-be-merchantappauth-module
2026-03-09 13:44:27 | ----------------------------------------
2026-03-09 13:44:27 | Memigrasi repo: plus-be-merchantappauth-manager
2026-03-09 13:44:27 | ----------------------------------------
2026-03-09 13:44:27 | Memigrasi repo: plus-be-merchantonboard-module
2026-03-09 13:44:27 | ----------------------------------------
2026-03-09 13:44:27 | Memigrasi repo: plus-be-bagtransferinterface-manager
2026-03-09 13:44:27 | ----------------------------------------
2026-03-09 13:44:27 | Memigrasi repo: plus-be-danainterface-manager
2026-03-09 13:44:27 | ----------------------------------------
2026-03-09 13:44:27 | Memigrasi repo: plus-be-appmerchant-module
2026-03-09 13:44:27 | ========================================
2026-03-09 13:44:27 | RINGKASAN: Berhasil=0, Gagal=116
2026-03-09 13:44:27 | Success log: logs/success.log
2026-03-09 13:44:27 | Failed log: logs/failed.log
2026-03-09 13:44:27 | Process log: logs/process.log
2026-03-09 13:44:37 | Memulai migrasi ke Qoin-Digital-Indonesia
2026-03-09 13:44:37 | ----------------------------------------
2026-03-09 13:44:37 | Memigrasi repo: plus-be-audittrail-module
2026-03-09 13:44:37 | ----------------------------------------
2026-03-09 13:44:37 | Memigrasi repo: plus-be-config-module
2026-03-09 13:44:37 | ----------------------------------------
2026-03-09 13:44:37 | Memigrasi repo: plus-be-transaction-module
2026-03-09 13:44:37 | ----------------------------------------
2026-03-09 13:44:37 | Memigrasi repo: plus-be-merchantpg-module
2026-03-09 13:44:37 | ----------------------------------------
2026-03-09 13:44:37 | Memigrasi repo: plus-be-pglogger-module
2026-03-09 13:44:37 | ----------------------------------------
2026-03-09 13:44:37 | Memigrasi repo: plus-be-clientpg-manager
2026-03-09 13:44:37 | ----------------------------------------
2026-03-09 13:44:37 | Memigrasi repo: plus-be-clientpg-module
2026-03-09 13:44:37 | ----------------------------------------
2026-03-09 13:44:37 | Memigrasi repo: plus-be-config-manager
2026-03-09 13:44:37 | ----------------------------------------
2026-03-09 13:44:37 | Memigrasi repo: plus-be-settlementpg-module
2026-03-09 13:44:37 | ----------------------------------------
2026-03-09 13:44:37 | Memigrasi repo: plus-be-refund-module
2026-03-09 13:44:37 | ----------------------------------------
2026-03-09 13:44:37 | Memigrasi repo: plus-apigateway
2026-03-09 13:44:37 | ----------------------------------------
2026-03-09 13:44:37 | Memigrasi repo: plus-fe-webadmin
2026-03-09 13:44:37 | ----------------------------------------
2026-03-09 13:44:37 | Memigrasi repo: plus-be-xenditinterface-manager
2026-03-09 13:44:37 | ----------------------------------------
2026-03-09 13:44:37 | Memigrasi repo: plus-be-nttinterface-manager
2026-03-09 13:44:37 | ----------------------------------------
2026-03-09 13:44:37 | Memigrasi repo: plus-be-refund-manager
2026-03-09 13:44:37 | ----------------------------------------
2026-03-09 13:44:37 | Memigrasi repo: plus-be-webview2-manager
2026-03-09 13:44:37 | ----------------------------------------
2026-03-09 13:44:37 | Memigrasi repo: plus-be-baginterface-manager
2026-03-09 13:44:37 | ----------------------------------------
2026-03-09 13:44:37 | Memigrasi repo: plus-be-espayinterface-manager
2026-03-09 13:44:37 | ----------------------------------------
2026-03-09 13:44:37 | Memigrasi repo: plus-be-callback-manager
2026-03-09 13:44:37 | ----------------------------------------
2026-03-09 13:44:37 | Memigrasi repo: plus-be-settlement-manager
2026-03-09 13:44:37 | ----------------------------------------
2026-03-09 13:44:37 | Memigrasi repo: plus-be-createorder-manager
2026-03-09 13:44:37 | ----------------------------------------
2026-03-09 13:44:37 | Memigrasi repo: plus-be-transactionlist-manager
2026-03-09 13:44:37 | ----------------------------------------
2026-03-09 13:44:37 | Memigrasi repo: plus-be-oyinterface-manager
2026-03-09 13:44:37 | ----------------------------------------
2026-03-09 13:44:37 | Memigrasi repo: plus-be-yukkinterface-manager
2026-03-09 13:44:37 | ----------------------------------------
2026-03-09 13:44:37 | Memigrasi repo: plus-be-qrisinterface-manager
2026-03-09 13:44:37 | ----------------------------------------
2026-03-09 13:44:37 | Memigrasi repo: plus-fe-authentication
2026-03-09 13:44:37 | ----------------------------------------
2026-03-09 13:44:37 | Memigrasi repo: plus-fe-merchant
2026-03-09 13:44:37 | ----------------------------------------
2026-03-09 13:44:37 | Memigrasi repo: plus-fe-webview
2026-03-09 13:44:37 | ----------------------------------------
2026-03-09 13:44:37 | Memigrasi repo: plus-fe-payout
2026-03-09 13:44:37 | ----------------------------------------
2026-03-09 13:44:37 | Memigrasi repo: plus-be-withdrawal-module
2026-03-09 13:44:37 | ----------------------------------------
2026-03-09 13:44:37 | Memigrasi repo: plus-be-withdrawal-manager
2026-03-09 13:44:37 | ----------------------------------------
2026-03-09 13:44:37 | Memigrasi repo: plus-be-anticsrf-manager
2026-03-09 13:44:37 | ----------------------------------------
2026-03-09 13:44:37 | Memigrasi repo: plus-fe-companyprofile
2026-03-09 13:44:37 | ----------------------------------------
2026-03-09 13:44:37 | Memigrasi repo: plus-be-messaging-manager
2026-03-09 13:44:37 | ----------------------------------------
2026-03-09 13:44:37 | Memigrasi repo: plus-be-merchantpg-manager
2026-03-09 13:44:37 | ----------------------------------------
2026-03-09 13:44:37 | Memigrasi repo: plus-be-bniinterface-manager
2026-03-09 13:44:37 | ----------------------------------------
2026-03-09 13:44:37 | Memigrasi repo: plus-be-messaging-module
2026-03-09 13:44:37 | ----------------------------------------
2026-03-09 13:44:37 | Memigrasi repo: plus-be-vasimulator-manager
2026-03-09 13:44:37 | ----------------------------------------
2026-03-09 13:44:37 | Memigrasi repo: plus-fe-webview-issuer
2026-03-09 13:44:37 | ----------------------------------------
2026-03-09 13:44:37 | Memigrasi repo: plus-fe-simulator
2026-03-09 13:44:37 | ----------------------------------------
2026-03-09 13:44:37 | Memigrasi repo: plus-be-snapbiinterface-manager
2026-03-09 13:44:37 | ----------------------------------------
2026-03-09 13:44:37 | Memigrasi repo: plus-be-adminpg-manager
2026-03-09 13:44:37 | ----------------------------------------
2026-03-09 13:44:37 | Memigrasi repo: plus-be-registermerchant-manager
2026-03-09 13:44:37 | ----------------------------------------
2026-03-09 13:44:37 | Memigrasi repo: plus-be-registermerchant-module
2026-03-09 13:44:37 | ----------------------------------------
2026-03-09 13:44:37 | Memigrasi repo: plus-be-espaysimulator-manager
2026-03-09 13:44:37 | ----------------------------------------
2026-03-09 13:44:37 | Memigrasi repo: plus-be-espaysimulator-module
2026-03-09 13:44:37 | ----------------------------------------
2026-03-09 13:44:37 | Memigrasi repo: plus-be-ticketing-manager
2026-03-09 13:44:37 | ----------------------------------------
2026-03-09 13:44:37 | Memigrasi repo: plus-be-ticketing-module
2026-03-09 13:44:37 | ----------------------------------------
2026-03-09 13:44:37 | Memigrasi repo: plus-be-ticketinisiator-module
2026-03-09 13:44:37 | ----------------------------------------
2026-03-09 13:44:37 | Memigrasi repo: plus-be-temporal-workflow
2026-03-09 13:44:38 | ----------------------------------------
2026-03-09 13:44:38 | Memigrasi repo: plus-be-ticket-manager
2026-03-09 13:44:38 | ----------------------------------------
2026-03-09 13:44:38 | Memigrasi repo: plus-be-ticket-module
2026-03-09 13:44:38 | ----------------------------------------
2026-03-09 13:44:38 | Memigrasi repo: plus-be-qoinpayservice-manager
2026-03-09 13:44:38 | ----------------------------------------
2026-03-09 13:44:38 | Memigrasi repo: plus-be-qoinpayserviceinterface-manager
2026-03-09 13:44:38 | ----------------------------------------
2026-03-09 13:44:38 | Memigrasi repo: plus-be-accountuserlinked-module
2026-03-09 13:44:38 | ----------------------------------------
2026-03-09 13:44:38 | Memigrasi repo: plus-be-qoincashinterface-manager
2026-03-09 13:44:38 | ----------------------------------------
2026-03-09 13:44:38 | Memigrasi repo: plus-be-baghmac-manager
2026-03-09 13:44:38 | ----------------------------------------
2026-03-09 13:44:38 | Memigrasi repo: plus-be-xenditsimulator-manager
2026-03-09 13:44:38 | ----------------------------------------
2026-03-09 13:44:38 | Memigrasi repo: plus-fe-xenditsimulator
2026-03-09 13:44:38 | ----------------------------------------
2026-03-09 13:44:38 | Memigrasi repo: plus-be-netzmeinterface-manager
2026-03-09 13:44:38 | ----------------------------------------
2026-03-09 13:44:38 | Memigrasi repo: plus-be-workflow
2026-03-09 13:44:38 | ----------------------------------------
2026-03-09 13:44:38 | Memigrasi repo: plus-be-dashboard-manager
2026-03-09 13:44:38 | ----------------------------------------
2026-03-09 13:44:38 | Memigrasi repo: plus-be-dashboard-module
2026-03-09 13:44:38 | ----------------------------------------
2026-03-09 13:44:38 | Memigrasi repo: plus-be-createordersnap-manager
2026-03-09 13:44:38 | ----------------------------------------
2026-03-09 13:44:38 | Memigrasi repo: plus-be-snapbiemoneyinterface-manager
2026-03-09 13:44:38 | ----------------------------------------
2026-03-09 13:44:38 | Memigrasi repo: plus-be-switchrintisinterface-manager
2026-03-09 13:44:38 | ----------------------------------------
2026-03-09 13:44:38 | Memigrasi repo: plus-be-switchrintisservice-manager
2026-03-09 13:44:38 | ----------------------------------------
2026-03-09 13:44:38 | Memigrasi repo: plus-be-merchantagency-manager
2026-03-09 13:44:38 | ----------------------------------------
2026-03-09 13:44:38 | Memigrasi repo: plus-be-merchantagency-module
2026-03-09 13:44:38 | ----------------------------------------
2026-03-09 13:44:38 | Memigrasi repo: plus-be-qoinpayinterface-manager
2026-03-09 13:44:38 | ----------------------------------------
2026-03-09 13:44:38 | Memigrasi repo: plus-be-nerointerface-manager
2026-03-09 13:44:38 | ----------------------------------------
2026-03-09 13:44:38 | Memigrasi repo: plus-be-ifortepayinterface-manager
2026-03-09 13:44:38 | ----------------------------------------
2026-03-09 13:44:38 | Memigrasi repo: plus-be-yokkeinterface-manager
2026-03-09 13:44:38 | ----------------------------------------
2026-03-09 13:44:38 | Memigrasi repo: plus-fe-payoutnext
2026-03-09 13:44:38 | ----------------------------------------
2026-03-09 13:44:38 | Memigrasi repo: plus-be-transaction-manager
2026-03-09 13:44:38 | ----------------------------------------
2026-03-09 13:44:38 | Memigrasi repo: plus-fe-webviewnext
2026-03-09 13:44:38 | ----------------------------------------
2026-03-09 13:44:38 | Memigrasi repo: plus-be-merchantsetting-manager
2026-03-09 13:44:38 | ----------------------------------------
2026-03-09 13:44:38 | Memigrasi repo: plus-be-merchantsetting-module
2026-03-09 13:44:38 | ----------------------------------------
2026-03-09 13:44:38 | Memigrasi repo: plus-be-paymentlink-manager
2026-03-09 13:44:38 | ----------------------------------------
2026-03-09 13:44:38 | Memigrasi repo: plus-be-paymentlink-module
2026-03-09 13:44:38 | ----------------------------------------
2026-03-09 13:44:38 | Memigrasi repo: plus-be-invoice-manager
2026-03-09 13:44:38 | ----------------------------------------
2026-03-09 13:44:38 | Memigrasi repo: plus-be-invoice-module
2026-03-09 13:44:38 | ----------------------------------------
2026-03-09 13:44:38 | Memigrasi repo: plus-fe-webviewcontainer
2026-03-09 13:44:38 | ----------------------------------------
2026-03-09 13:44:38 | Memigrasi repo: plus-fe-merchantnext
2026-03-09 13:44:38 | ----------------------------------------
2026-03-09 13:44:38 | Memigrasi repo: plus-be-backendmerchantservice-manager
2026-03-09 13:44:38 | ----------------------------------------
2026-03-09 13:44:38 | Memigrasi repo: plus-be-merchantqris-module
2026-03-09 13:44:38 | ----------------------------------------
2026-03-09 13:44:38 | Memigrasi repo: plus-be-merchantqris-manager
2026-03-09 13:44:38 | ----------------------------------------
2026-03-09 13:44:38 | Memigrasi repo: plus-be-minisdkinterface-manager
2026-03-09 13:44:38 | ----------------------------------------
2026-03-09 13:44:38 | Memigrasi repo: plus-be-minisdkinterface-module
2026-03-09 13:44:38 | ----------------------------------------
2026-03-09 13:44:38 | Memigrasi repo: plus-be-merchantagencyimport-manager
2026-03-09 13:44:38 | ----------------------------------------
2026-03-09 13:44:38 | Memigrasi repo: plus-be-qrissimulator-manager
2026-03-09 13:44:38 | ----------------------------------------
2026-03-09 13:44:38 | Memigrasi repo: plus-be-masterpermissions-manager
2026-03-09 13:44:38 | ----------------------------------------
2026-03-09 13:44:38 | Memigrasi repo: plus-be-masterpermissions-module
2026-03-09 13:44:38 | ----------------------------------------
2026-03-09 13:44:38 | Memigrasi repo: plus-be-webadminmerchantagency-manager
2026-03-09 13:44:38 | ----------------------------------------
2026-03-09 13:44:38 | Memigrasi repo: plus-be-reporting-manager
2026-03-09 13:44:38 | ----------------------------------------
2026-03-09 13:44:38 | Memigrasi repo: plus-be-reporting-module
2026-03-09 13:44:38 | ----------------------------------------
2026-03-09 13:44:38 | Memigrasi repo: plus-be-merchantuserapp-manager
2026-03-09 13:44:38 | ----------------------------------------
2026-03-09 13:44:38 | Memigrasi repo: plus-be-merchantuserapp-module
2026-03-09 13:44:38 | ----------------------------------------
2026-03-09 13:44:38 | Memigrasi repo: plus-fe-snapjswebview
2026-03-09 13:44:38 | ----------------------------------------
2026-03-09 13:44:38 | Memigrasi repo: plus-be-activitylog-module
2026-03-09 13:44:38 | ----------------------------------------
2026-03-09 13:44:38 | Memigrasi repo: plus-be-callbacksimulator-manager
2026-03-09 13:44:38 | ----------------------------------------
2026-03-09 13:44:38 | Memigrasi repo: plus-be-altointerface-manager
2026-03-09 13:44:38 | ----------------------------------------
2026-03-09 13:44:38 | Memigrasi repo: plus-be-datawarehouse-module
2026-03-09 13:44:38 | ----------------------------------------
2026-03-09 13:44:38 | Memigrasi repo: plus-be-enhanced-workflow
2026-03-09 13:44:38 | ----------------------------------------
2026-03-09 13:44:38 | Memigrasi repo: plus-be-appmerchant-manager
2026-03-09 13:44:38 | ----------------------------------------
2026-03-09 13:44:38 | Memigrasi repo: plus-fe-webadminnext
2026-03-09 13:44:38 | ----------------------------------------
2026-03-09 13:44:38 | Memigrasi repo: plus-be-merchantbalance-module
2026-03-09 13:44:38 | ----------------------------------------
2026-03-09 13:44:38 | Memigrasi repo: plus-be-merchantbalance-manager
2026-03-09 13:44:38 | ----------------------------------------
2026-03-09 13:44:38 | Memigrasi repo: plus-be-deactivemerchant-manager
2026-03-09 13:44:38 | ----------------------------------------
2026-03-09 13:44:38 | Memigrasi repo: plus-be-deactivemerchant-module
2026-03-09 13:44:38 | ----------------------------------------
2026-03-09 13:44:38 | Memigrasi repo: plus-be-merchantappauth-module
2026-03-09 13:44:38 | ----------------------------------------
2026-03-09 13:44:38 | Memigrasi repo: plus-be-merchantappauth-manager
2026-03-09 13:44:38 | ----------------------------------------
2026-03-09 13:44:38 | Memigrasi repo: plus-be-merchantonboard-module
2026-03-09 13:44:38 | ----------------------------------------
2026-03-09 13:44:38 | Memigrasi repo: plus-be-bagtransferinterface-manager
2026-03-09 13:44:38 | ----------------------------------------
2026-03-09 13:44:38 | Memigrasi repo: plus-be-danainterface-manager
2026-03-09 13:44:38 | ----------------------------------------
2026-03-09 13:44:38 | Memigrasi repo: plus-be-appmerchant-module
2026-03-09 13:44:38 | ========================================
2026-03-09 13:44:38 | RINGKASAN: Berhasil=0, Gagal=116
2026-03-09 13:44:38 | Success log: logs/success.log
2026-03-09 13:44:38 | Failed log: logs/failed.log
2026-03-09 13:44:38 | Process log: logs/process.log
2026-03-09 13:46:30 | Memulai migrasi ke Qoin-Digital-Indonesia
2026-03-09 13:46:30 | ----------------------------------------
2026-03-09 13:46:30 | Memigrasi repo: plus-be-audittrail-module
2026-03-09 13:46:30 | ----------------------------------------
2026-03-09 13:46:30 | Memigrasi repo: plus-be-config-module
2026-03-09 13:46:30 | ----------------------------------------
2026-03-09 13:46:30 | Memigrasi repo: plus-be-transaction-module
2026-03-09 13:46:30 | ----------------------------------------
2026-03-09 13:46:30 | Memigrasi repo: plus-be-merchantpg-module
2026-03-09 13:46:30 | ----------------------------------------
2026-03-09 13:46:30 | Memigrasi repo: plus-be-pglogger-module
2026-03-09 13:46:30 | ----------------------------------------
2026-03-09 13:46:30 | Memigrasi repo: plus-be-clientpg-manager
2026-03-09 13:46:30 | ----------------------------------------
2026-03-09 13:46:30 | Memigrasi repo: plus-be-clientpg-module
2026-03-09 13:46:30 | ----------------------------------------
2026-03-09 13:46:30 | Memigrasi repo: plus-be-config-manager
2026-03-09 13:46:30 | ----------------------------------------
2026-03-09 13:46:30 | Memigrasi repo: plus-be-settlementpg-module
2026-03-09 13:46:30 | ----------------------------------------
2026-03-09 13:46:30 | Memigrasi repo: plus-be-refund-module
2026-03-09 13:46:30 | ----------------------------------------
2026-03-09 13:46:30 | Memigrasi repo: plus-apigateway
2026-03-09 13:46:30 | ----------------------------------------
2026-03-09 13:46:30 | Memigrasi repo: plus-fe-webadmin
2026-03-09 13:46:30 | ----------------------------------------
2026-03-09 13:46:30 | Memigrasi repo: plus-be-xenditinterface-manager
2026-03-09 13:46:30 | ----------------------------------------
2026-03-09 13:46:30 | Memigrasi repo: plus-be-nttinterface-manager
2026-03-09 13:46:30 | ----------------------------------------
2026-03-09 13:46:30 | Memigrasi repo: plus-be-refund-manager
2026-03-09 13:46:30 | ----------------------------------------
2026-03-09 13:46:30 | Memigrasi repo: plus-be-webview2-manager
2026-03-09 13:46:30 | ----------------------------------------
2026-03-09 13:46:30 | Memigrasi repo: plus-be-baginterface-manager
2026-03-09 13:46:30 | ----------------------------------------
2026-03-09 13:46:30 | Memigrasi repo: plus-be-espayinterface-manager
2026-03-09 13:46:30 | ----------------------------------------
2026-03-09 13:46:30 | Memigrasi repo: plus-be-callback-manager
2026-03-09 13:46:30 | ----------------------------------------
2026-03-09 13:46:30 | Memigrasi repo: plus-be-settlement-manager
2026-03-09 13:46:30 | ----------------------------------------
2026-03-09 13:46:30 | Memigrasi repo: plus-be-createorder-manager
2026-03-09 13:46:30 | ----------------------------------------
2026-03-09 13:46:30 | Memigrasi repo: plus-be-transactionlist-manager
2026-03-09 13:46:30 | ----------------------------------------
2026-03-09 13:46:30 | Memigrasi repo: plus-be-oyinterface-manager
2026-03-09 13:46:30 | ----------------------------------------
2026-03-09 13:46:30 | Memigrasi repo: plus-be-yukkinterface-manager
2026-03-09 13:46:30 | ----------------------------------------
2026-03-09 13:46:30 | Memigrasi repo: plus-be-qrisinterface-manager
2026-03-09 13:46:30 | ----------------------------------------
2026-03-09 13:46:30 | Memigrasi repo: plus-fe-authentication
2026-03-09 13:46:30 | ----------------------------------------
2026-03-09 13:46:30 | Memigrasi repo: plus-fe-merchant
2026-03-09 13:46:30 | ----------------------------------------
2026-03-09 13:46:30 | Memigrasi repo: plus-fe-webview
2026-03-09 13:46:30 | ----------------------------------------
2026-03-09 13:46:30 | Memigrasi repo: plus-fe-payout
2026-03-09 13:46:30 | ----------------------------------------
2026-03-09 13:46:30 | Memigrasi repo: plus-be-withdrawal-module
2026-03-09 13:46:30 | ----------------------------------------
2026-03-09 13:46:30 | Memigrasi repo: plus-be-withdrawal-manager
2026-03-09 13:46:30 | ----------------------------------------
2026-03-09 13:46:30 | Memigrasi repo: plus-be-anticsrf-manager
2026-03-09 13:46:30 | ----------------------------------------
2026-03-09 13:46:30 | Memigrasi repo: plus-fe-companyprofile
2026-03-09 13:46:30 | ----------------------------------------
2026-03-09 13:46:30 | Memigrasi repo: plus-be-messaging-manager
2026-03-09 13:46:30 | ----------------------------------------
2026-03-09 13:46:30 | Memigrasi repo: plus-be-merchantpg-manager
2026-03-09 13:46:30 | ----------------------------------------
2026-03-09 13:46:30 | Memigrasi repo: plus-be-bniinterface-manager
2026-03-09 13:46:30 | ----------------------------------------
2026-03-09 13:46:30 | Memigrasi repo: plus-be-messaging-module
2026-03-09 13:46:31 | ----------------------------------------
2026-03-09 13:46:31 | Memigrasi repo: plus-be-vasimulator-manager
2026-03-09 13:46:31 | ----------------------------------------
2026-03-09 13:46:31 | Memigrasi repo: plus-fe-webview-issuer
2026-03-09 13:46:31 | ----------------------------------------
2026-03-09 13:46:31 | Memigrasi repo: plus-fe-simulator
2026-03-09 13:46:31 | ----------------------------------------
2026-03-09 13:46:31 | Memigrasi repo: plus-be-snapbiinterface-manager
2026-03-09 13:46:31 | ----------------------------------------
2026-03-09 13:46:31 | Memigrasi repo: plus-be-adminpg-manager
2026-03-09 13:46:31 | ----------------------------------------
2026-03-09 13:46:31 | Memigrasi repo: plus-be-registermerchant-manager
2026-03-09 13:46:31 | ----------------------------------------
2026-03-09 13:46:31 | Memigrasi repo: plus-be-registermerchant-module
2026-03-09 13:46:31 | ----------------------------------------
2026-03-09 13:46:31 | Memigrasi repo: plus-be-espaysimulator-manager
2026-03-09 13:46:31 | ----------------------------------------
2026-03-09 13:46:31 | Memigrasi repo: plus-be-espaysimulator-module
2026-03-09 13:46:31 | ----------------------------------------
2026-03-09 13:46:31 | Memigrasi repo: plus-be-ticketing-manager
2026-03-09 13:46:31 | ----------------------------------------
2026-03-09 13:46:31 | Memigrasi repo: plus-be-ticketing-module
2026-03-09 13:46:31 | ----------------------------------------
2026-03-09 13:46:31 | Memigrasi repo: plus-be-ticketinisiator-module
2026-03-09 13:46:31 | ----------------------------------------
2026-03-09 13:46:31 | Memigrasi repo: plus-be-temporal-workflow
2026-03-09 13:46:31 | ----------------------------------------
2026-03-09 13:46:31 | Memigrasi repo: plus-be-ticket-manager
2026-03-09 13:46:31 | ----------------------------------------
2026-03-09 13:46:31 | Memigrasi repo: plus-be-ticket-module
2026-03-09 13:46:31 | ----------------------------------------
2026-03-09 13:46:31 | Memigrasi repo: plus-be-qoinpayservice-manager
2026-03-09 13:46:31 | ----------------------------------------
2026-03-09 13:46:31 | Memigrasi repo: plus-be-qoinpayserviceinterface-manager
2026-03-09 13:46:31 | ----------------------------------------
2026-03-09 13:46:31 | Memigrasi repo: plus-be-accountuserlinked-module
2026-03-09 13:46:31 | ----------------------------------------
2026-03-09 13:46:31 | Memigrasi repo: plus-be-qoincashinterface-manager
2026-03-09 13:46:31 | ----------------------------------------
2026-03-09 13:46:31 | Memigrasi repo: plus-be-baghmac-manager
2026-03-09 13:46:31 | ----------------------------------------
2026-03-09 13:46:31 | Memigrasi repo: plus-be-xenditsimulator-manager
2026-03-09 13:46:31 | ----------------------------------------
2026-03-09 13:46:31 | Memigrasi repo: plus-fe-xenditsimulator
2026-03-09 13:46:31 | ----------------------------------------
2026-03-09 13:46:31 | Memigrasi repo: plus-be-netzmeinterface-manager
2026-03-09 13:46:31 | ----------------------------------------
2026-03-09 13:46:31 | Memigrasi repo: plus-be-workflow
2026-03-09 13:46:31 | ----------------------------------------
2026-03-09 13:46:31 | Memigrasi repo: plus-be-dashboard-manager
2026-03-09 13:46:31 | ----------------------------------------
2026-03-09 13:46:31 | Memigrasi repo: plus-be-dashboard-module
2026-03-09 13:46:31 | ----------------------------------------
2026-03-09 13:46:31 | Memigrasi repo: plus-be-createordersnap-manager
2026-03-09 13:46:31 | ----------------------------------------
2026-03-09 13:46:31 | Memigrasi repo: plus-be-snapbiemoneyinterface-manager
2026-03-09 13:46:31 | ----------------------------------------
2026-03-09 13:46:31 | Memigrasi repo: plus-be-switchrintisinterface-manager
2026-03-09 13:46:31 | ----------------------------------------
2026-03-09 13:46:31 | Memigrasi repo: plus-be-switchrintisservice-manager
2026-03-09 13:46:31 | ----------------------------------------
2026-03-09 13:46:31 | Memigrasi repo: plus-be-merchantagency-manager
2026-03-09 13:46:31 | ----------------------------------------
2026-03-09 13:46:31 | Memigrasi repo: plus-be-merchantagency-module
2026-03-09 13:46:31 | ----------------------------------------
2026-03-09 13:46:31 | Memigrasi repo: plus-be-qoinpayinterface-manager
2026-03-09 13:46:31 | ----------------------------------------
2026-03-09 13:46:31 | Memigrasi repo: plus-be-nerointerface-manager
2026-03-09 13:46:31 | ----------------------------------------
2026-03-09 13:46:31 | Memigrasi repo: plus-be-ifortepayinterface-manager
2026-03-09 13:46:31 | ----------------------------------------
2026-03-09 13:46:31 | Memigrasi repo: plus-be-yokkeinterface-manager
2026-03-09 13:46:31 | ----------------------------------------
2026-03-09 13:46:31 | Memigrasi repo: plus-fe-payoutnext
2026-03-09 13:46:31 | ----------------------------------------
2026-03-09 13:46:31 | Memigrasi repo: plus-be-transaction-manager
2026-03-09 13:46:31 | ----------------------------------------
2026-03-09 13:46:31 | Memigrasi repo: plus-fe-webviewnext
2026-03-09 13:46:31 | ----------------------------------------
2026-03-09 13:46:31 | Memigrasi repo: plus-be-merchantsetting-manager
2026-03-09 13:46:31 | ----------------------------------------
2026-03-09 13:46:31 | Memigrasi repo: plus-be-merchantsetting-module
2026-03-09 13:46:31 | ----------------------------------------
2026-03-09 13:46:31 | Memigrasi repo: plus-be-paymentlink-manager
2026-03-09 13:46:31 | ----------------------------------------
2026-03-09 13:46:31 | Memigrasi repo: plus-be-paymentlink-module
2026-03-09 13:46:31 | ----------------------------------------
2026-03-09 13:46:31 | Memigrasi repo: plus-be-invoice-manager
2026-03-09 13:46:31 | ----------------------------------------
2026-03-09 13:46:31 | Memigrasi repo: plus-be-invoice-module
2026-03-09 13:46:31 | ----------------------------------------
2026-03-09 13:46:31 | Memigrasi repo: plus-fe-webviewcontainer
2026-03-09 13:46:31 | ----------------------------------------
2026-03-09 13:46:31 | Memigrasi repo: plus-fe-merchantnext
2026-03-09 13:46:31 | ----------------------------------------
2026-03-09 13:46:31 | Memigrasi repo: plus-be-backendmerchantservice-manager
2026-03-09 13:46:31 | ----------------------------------------
2026-03-09 13:46:31 | Memigrasi repo: plus-be-merchantqris-module
2026-03-09 13:46:31 | ----------------------------------------
2026-03-09 13:46:31 | Memigrasi repo: plus-be-merchantqris-manager
2026-03-09 13:46:31 | ----------------------------------------
2026-03-09 13:46:31 | Memigrasi repo: plus-be-minisdkinterface-manager
2026-03-09 13:46:31 | ----------------------------------------
2026-03-09 13:46:31 | Memigrasi repo: plus-be-minisdkinterface-module
2026-03-09 13:46:31 | ----------------------------------------
2026-03-09 13:46:31 | Memigrasi repo: plus-be-merchantagencyimport-manager
2026-03-09 13:46:31 | ----------------------------------------
2026-03-09 13:46:31 | Memigrasi repo: plus-be-qrissimulator-manager
2026-03-09 13:46:31 | ----------------------------------------
2026-03-09 13:46:31 | Memigrasi repo: plus-be-masterpermissions-manager
2026-03-09 13:46:31 | ----------------------------------------
2026-03-09 13:46:31 | Memigrasi repo: plus-be-masterpermissions-module
2026-03-09 13:46:31 | ----------------------------------------
2026-03-09 13:46:31 | Memigrasi repo: plus-be-webadminmerchantagency-manager
2026-03-09 13:46:31 | ----------------------------------------
2026-03-09 13:46:31 | Memigrasi repo: plus-be-reporting-manager
2026-03-09 13:46:31 | ----------------------------------------
2026-03-09 13:46:31 | Memigrasi repo: plus-be-reporting-module
2026-03-09 13:46:31 | ----------------------------------------
2026-03-09 13:46:31 | Memigrasi repo: plus-be-merchantuserapp-manager
2026-03-09 13:46:31 | ----------------------------------------
2026-03-09 13:46:31 | Memigrasi repo: plus-be-merchantuserapp-module
2026-03-09 13:46:31 | ----------------------------------------
2026-03-09 13:46:31 | Memigrasi repo: plus-fe-snapjswebview
2026-03-09 13:46:31 | ----------------------------------------
2026-03-09 13:46:31 | Memigrasi repo: plus-be-activitylog-module
2026-03-09 13:46:31 | ----------------------------------------
2026-03-09 13:46:31 | Memigrasi repo: plus-be-callbacksimulator-manager
2026-03-09 13:46:31 | ----------------------------------------
2026-03-09 13:46:31 | Memigrasi repo: plus-be-altointerface-manager
2026-03-09 13:46:31 | ----------------------------------------
2026-03-09 13:46:31 | Memigrasi repo: plus-be-datawarehouse-module
2026-03-09 13:46:31 | ----------------------------------------
2026-03-09 13:46:31 | Memigrasi repo: plus-be-enhanced-workflow
2026-03-09 13:46:31 | ----------------------------------------
2026-03-09 13:46:31 | Memigrasi repo: plus-be-appmerchant-manager
2026-03-09 13:46:31 | ----------------------------------------
2026-03-09 13:46:31 | Memigrasi repo: plus-fe-webadminnext
2026-03-09 13:46:31 | ----------------------------------------
2026-03-09 13:46:31 | Memigrasi repo: plus-be-merchantbalance-module
2026-03-09 13:46:31 | ----------------------------------------
2026-03-09 13:46:31 | Memigrasi repo: plus-be-merchantbalance-manager
2026-03-09 13:46:31 | ----------------------------------------
2026-03-09 13:46:31 | Memigrasi repo: plus-be-deactivemerchant-manager
2026-03-09 13:46:31 | ----------------------------------------
2026-03-09 13:46:31 | Memigrasi repo: plus-be-deactivemerchant-module
2026-03-09 13:46:31 | ----------------------------------------
2026-03-09 13:46:31 | Memigrasi repo: plus-be-merchantappauth-module
2026-03-09 13:46:31 | ----------------------------------------
2026-03-09 13:46:31 | Memigrasi repo: plus-be-merchantappauth-manager
2026-03-09 13:46:31 | ----------------------------------------
2026-03-09 13:46:31 | Memigrasi repo: plus-be-merchantonboard-module
2026-03-09 13:46:31 | ----------------------------------------
2026-03-09 13:46:31 | Memigrasi repo: plus-be-bagtransferinterface-manager
2026-03-09 13:46:31 | ----------------------------------------
2026-03-09 13:46:31 | Memigrasi repo: plus-be-danainterface-manager
2026-03-09 13:46:31 | ----------------------------------------
2026-03-09 13:46:31 | Memigrasi repo: plus-be-appmerchant-module
2026-03-09 13:46:31 | ========================================
2026-03-09 13:46:31 | RINGKASAN: Berhasil=0, Gagal=116
2026-03-09 13:46:31 | Success log: logs/success.log
2026-03-09 13:46:31 | Failed log: logs/failed.log
2026-03-09 13:46:31 | Process log: logs/process.log
